0 info it worked if it ends with ok
1 verbose cli [ '/usr/local/bin/node',
1 verbose cli   '/usr/local/bin/npm',
1 verbose cli   'install',
1 verbose cli   'stanford-simple-nlp' ]
2 info using npm@2.14.4
3 info using node@v4.1.2
4 verbose install initial load of /Users/deepagk/Desktop/MEAN/Full_Mean/Project/package.json
5 warn package.json @ No description
6 warn package.json @ No repository field.
7 warn package.json @ No README data
8 warn package.json @ No license field.
9 verbose installManyTop reading scoped package data from /Users/deepagk/Desktop/MEAN/Full_Mean/Project/node_modules/body-parser/package.json
10 verbose installManyTop reading scoped package data from /Users/deepagk/Desktop/MEAN/Full_Mean/Project/node_modules/express/package.json
11 verbose installManyTop reading scoped package data from /Users/deepagk/Desktop/MEAN/Full_Mean/Project/node_modules/mongoose/package.json
12 verbose installManyTop reading scoped package data from /Users/deepagk/Desktop/MEAN/Full_Mean/Project/node_modules/socket.io/package.json
13 info package.json socket.io@1.3.7 No license field.
14 verbose readDependencies loading dependencies from /Users/deepagk/Desktop/MEAN/Full_Mean/Project/package.json
15 silly cache add args [ 'stanford-simple-nlp', null ]
16 verbose cache add spec stanford-simple-nlp
17 silly cache add parsed spec Result {
17 silly cache add   raw: 'stanford-simple-nlp',
17 silly cache add   scope: null,
17 silly cache add   name: 'stanford-simple-nlp',
17 silly cache add   rawSpec: '',
17 silly cache add   spec: '*',
17 silly cache add   type: 'range' }
18 silly addNamed stanford-simple-nlp@*
19 verbose addNamed "*" is a valid semver range for stanford-simple-nlp
20 silly addNameRange { name: 'stanford-simple-nlp', range: '*', hasData: false }
21 silly mapToRegistry name stanford-simple-nlp
22 silly mapToRegistry using default registry
23 silly mapToRegistry registry https://registry.npmjs.org/
24 silly mapToRegistry uri https://registry.npmjs.org/stanford-simple-nlp
25 verbose addNameRange registry:https://registry.npmjs.org/stanford-simple-nlp not in flight; fetching
26 verbose request uri https://registry.npmjs.org/stanford-simple-nlp
27 verbose request no auth needed
28 info attempt registry request try #1 at 5:38:57 PM
29 verbose request id 06a9fc6030d6d636
30 verbose etag "BKZ87DV4E3Y404Q3FF15MIPXW"
31 http request GET https://registry.npmjs.org/stanford-simple-nlp
32 http 304 https://registry.npmjs.org/stanford-simple-nlp
33 silly get cb [ 304,
33 silly get   { date: 'Fri, 30 Oct 2015 00:38:57 GMT',
33 silly get     via: '1.1 varnish',
33 silly get     'cache-control': 'max-age=60',
33 silly get     etag: '"BKZ87DV4E3Y404Q3FF15MIPXW"',
33 silly get     age: '0',
33 silly get     connection: 'keep-alive',
33 silly get     'x-served-by': 'cache-lax1431-LAX',
33 silly get     'x-cache': 'MISS',
33 silly get     'x-cache-hits': '0',
33 silly get     'x-timer': 'S1446165537.673343,VS0,VE92',
33 silly get     vary: 'Accept' } ]
34 verbose etag https://registry.npmjs.org/stanford-simple-nlp from cache
35 verbose get saving stanford-simple-nlp to /Users/deepagk/.npm/registry.npmjs.org/stanford-simple-nlp/.cache.json
36 silly addNameRange number 2 { name: 'stanford-simple-nlp', range: '*', hasData: true }
37 silly addNameRange versions [ 'stanford-simple-nlp',
37 silly addNameRange   [ '0.0.1',
37 silly addNameRange     '0.0.2',
37 silly addNameRange     '0.0.3',
37 silly addNameRange     '0.0.4',
37 silly addNameRange     '0.0.5',
37 silly addNameRange     '0.0.6',
37 silly addNameRange     '0.0.7',
37 silly addNameRange     '0.0.8',
37 silly addNameRange     '0.1.0',
37 silly addNameRange     '0.1.1',
37 silly addNameRange     '0.1.2',
37 silly addNameRange     '0.2.1',
37 silly addNameRange     '0.2.2' ] ]
38 silly addNamed stanford-simple-nlp@0.2.2
39 verbose addNamed "0.2.2" is a plain semver version for stanford-simple-nlp
40 silly cache afterAdd stanford-simple-nlp@0.2.2
41 verbose afterAdd /Users/deepagk/.npm/stanford-simple-nlp/0.2.2/package/package.json not in flight; writing
42 verbose afterAdd /Users/deepagk/.npm/stanford-simple-nlp/0.2.2/package/package.json written
43 silly install resolved [ { name: 'stanford-simple-nlp',
43 silly install resolved     version: '0.2.2',
43 silly install resolved     author: { name: 'Taeho Kim', email: 'xissysnd@gmail.com' },
43 silly install resolved     main: 'index',
43 silly install resolved     dependencies: { 'coffee-script': '~1.7.1', java: '~0.2.4', xml2js: '~0.2.8' },
43 silly install resolved     description: 'A simple node.js wrapper for Stanford CoreNLP.',
43 silly install resolved     repository:
43 silly install resolved      { type: 'git',
43 silly install resolved        url: 'git+https://github.com/xissy/node-stanford-simple-nlp.git' },
43 silly install resolved     bugs: { url: 'https://github.com/xissy/node-stanford-simple-nlp/issues' },
43 silly install resolved     devDependencies: { should: '~1.2.2', mocha: '~1.12.0' },
43 silly install resolved     directories: { test: 'test' },
43 silly install resolved     scripts: { test: 'mocha --compilers coffee:coffee-script --require coffee-script/register --globals lw --recursive ./test -t 100000' },
43 silly install resolved     _id: 'stanford-simple-nlp@0.2.2',
43 silly install resolved     dist:
43 silly install resolved      { shasum: 'b1b7595df8443ba30fa8ea1d18b863c9e4907f42',
43 silly install resolved        tarball: 'http://registry.npmjs.org/stanford-simple-nlp/-/stanford-simple-nlp-0.2.2.tgz' },
43 silly install resolved     _from: 'stanford-simple-nlp@*',
43 silly install resolved     _npmVersion: '1.3.11',
43 silly install resolved     _npmUser: { name: 'xissy', email: 'xissysnd@gmail.com' },
43 silly install resolved     maintainers: [ [Object] ],
43 silly install resolved     _shasum: 'b1b7595df8443ba30fa8ea1d18b863c9e4907f42',
43 silly install resolved     _resolved: 'https://registry.npmjs.org/stanford-simple-nlp/-/stanford-simple-nlp-0.2.2.tgz',
43 silly install resolved     readme: 'ERROR: No README data found!',
43 silly install resolved     homepage: 'https://github.com/xissy/node-stanford-simple-nlp#readme' } ]
44 info install stanford-simple-nlp@0.2.2 into /Users/deepagk/Desktop/MEAN/Full_Mean/Project
45 info installOne stanford-simple-nlp@0.2.2
46 verbose installOne of stanford-simple-nlp to /Users/deepagk/Desktop/MEAN/Full_Mean/Project not in flight; installing
47 verbose lock using /Users/deepagk/.npm/_locks/stanford-simple-nlp-7754b9aa86490f05.lock for /Users/deepagk/Desktop/MEAN/Full_Mean/Project/node_modules/stanford-simple-nlp
48 silly install write writing stanford-simple-nlp 0.2.2 to /Users/deepagk/Desktop/MEAN/Full_Mean/Project/node_modules/stanford-simple-nlp
49 verbose unbuild node_modules/stanford-simple-nlp
50 silly gentlyRm /Users/deepagk/Desktop/MEAN/Full_Mean/Project/node_modules/stanford-simple-nlp is being purged from base /Users/deepagk/Desktop/MEAN/Full_Mean/Project
51 verbose gentlyRm don't care about contents; nuking /Users/deepagk/Desktop/MEAN/Full_Mean/Project/node_modules/stanford-simple-nlp
52 verbose tar unpack /Users/deepagk/.npm/stanford-simple-nlp/0.2.2/package.tgz
53 verbose tar unpacking to /Users/deepagk/Desktop/MEAN/Full_Mean/Project/node_modules/stanford-simple-nlp
54 silly gentlyRm /Users/deepagk/Desktop/MEAN/Full_Mean/Project/node_modules/stanford-simple-nlp is being purged
55 verbose gentlyRm don't care about contents; nuking /Users/deepagk/Desktop/MEAN/Full_Mean/Project/node_modules/stanford-simple-nlp
56 silly gunzTarPerm modes [ '755', '644' ]
57 silly gunzTarPerm extractEntry package.json
58 silly gunzTarPerm extractEntry .npmignore
59 silly gunzTarPerm extractEntry README.md
60 silly gunzTarPerm extractEntry LICENSE
61 silly gunzTarPerm extractEntry index.js
62 silly gunzTarPerm extractEntry jar/README.md
63 silly gunzTarPerm extractEntry lib/StanfordSimpleNLP.coffee
64 silly gunzTarPerm extractEntry lib/getParsedTree.coffee
65 silly gunzTarPerm extractEntry lib/index.coffee
66 silly gunzTarPerm extractEntry test/StanfordSimpleNLP.test.coffee
67 silly gunzTarPerm extractEntry test/getParsedTree.test.coffee
68 verbose write writing to /Users/deepagk/Desktop/MEAN/Full_Mean/Project/node_modules/stanford-simple-nlp/package.json
69 info preinstall stanford-simple-nlp@0.2.2
70 verbose readDependencies loading dependencies from /Users/deepagk/Desktop/MEAN/Full_Mean/Project/node_modules/stanford-simple-nlp/package.json
71 silly prepareForInstallMany adding coffee-script@~1.7.1 from stanford-simple-nlp dependencies
72 silly prepareForInstallMany adding java@~0.2.4 from stanford-simple-nlp dependencies
73 silly prepareForInstallMany adding xml2js@~0.2.8 from stanford-simple-nlp dependencies
74 verbose readDependencies loading dependencies from /Users/deepagk/Desktop/MEAN/Full_Mean/Project/node_modules/stanford-simple-nlp/package.json
75 silly cache add args [ 'coffee-script@~1.7.1', null ]
76 verbose cache add spec coffee-script@~1.7.1
77 silly cache add args [ 'java@~0.2.4', null ]
78 verbose cache add spec java@~0.2.4
79 silly cache add parsed spec Result {
79 silly cache add   raw: 'coffee-script@~1.7.1',
79 silly cache add   scope: null,
79 silly cache add   name: 'coffee-script',
79 silly cache add   rawSpec: '~1.7.1',
79 silly cache add   spec: '>=1.7.1 <1.8.0',
79 silly cache add   type: 'range' }
80 silly addNamed coffee-script@>=1.7.1 <1.8.0
81 verbose addNamed ">=1.7.1 <1.8.0" is a valid semver range for coffee-script
82 silly addNameRange { name: 'coffee-script',
82 silly addNameRange   range: '>=1.7.1 <1.8.0',
82 silly addNameRange   hasData: false }
83 silly mapToRegistry name coffee-script
84 silly mapToRegistry using default registry
85 silly mapToRegistry registry https://registry.npmjs.org/
86 silly mapToRegistry uri https://registry.npmjs.org/coffee-script
87 verbose addNameRange registry:https://registry.npmjs.org/coffee-script not in flight; fetching
88 silly cache add parsed spec Result {
88 silly cache add   raw: 'java@~0.2.4',
88 silly cache add   scope: null,
88 silly cache add   name: 'java',
88 silly cache add   rawSpec: '~0.2.4',
88 silly cache add   spec: '>=0.2.4 <0.3.0',
88 silly cache add   type: 'range' }
89 silly addNamed java@>=0.2.4 <0.3.0
90 verbose addNamed ">=0.2.4 <0.3.0" is a valid semver range for java
91 silly addNameRange { name: 'java', range: '>=0.2.4 <0.3.0', hasData: false }
92 silly mapToRegistry name java
93 silly mapToRegistry using default registry
94 silly mapToRegistry registry https://registry.npmjs.org/
95 silly mapToRegistry uri https://registry.npmjs.org/java
96 verbose addNameRange registry:https://registry.npmjs.org/java not in flight; fetching
97 silly cache add args [ 'xml2js@~0.2.8', null ]
98 verbose cache add spec xml2js@~0.2.8
99 silly cache add parsed spec Result {
99 silly cache add   raw: 'xml2js@~0.2.8',
99 silly cache add   scope: null,
99 silly cache add   name: 'xml2js',
99 silly cache add   rawSpec: '~0.2.8',
99 silly cache add   spec: '>=0.2.8 <0.3.0',
99 silly cache add   type: 'range' }
100 silly addNamed xml2js@>=0.2.8 <0.3.0
101 verbose addNamed ">=0.2.8 <0.3.0" is a valid semver range for xml2js
102 silly addNameRange { name: 'xml2js', range: '>=0.2.8 <0.3.0', hasData: false }
103 silly mapToRegistry name xml2js
104 silly mapToRegistry using default registry
105 silly mapToRegistry registry https://registry.npmjs.org/
106 silly mapToRegistry uri https://registry.npmjs.org/xml2js
107 verbose addNameRange registry:https://registry.npmjs.org/xml2js not in flight; fetching
108 verbose request uri https://registry.npmjs.org/xml2js
109 verbose request no auth needed
110 info attempt registry request try #1 at 5:38:58 PM
111 verbose etag "38O53EJFIMU9S5C9XFK7ZJAR4"
112 http request GET https://registry.npmjs.org/xml2js
113 verbose request uri https://registry.npmjs.org/java
114 verbose request no auth needed
115 info attempt registry request try #1 at 5:38:58 PM
116 verbose etag "E93GS6MYZFMBWZL9FNE7TI0LJ"
117 http request GET https://registry.npmjs.org/java
118 verbose request uri https://registry.npmjs.org/coffee-script
119 verbose request no auth needed
120 info attempt registry request try #1 at 5:38:58 PM
121 verbose etag "8C81D3WHWETHMIICVDO5U8UPZ"
122 http request GET https://registry.npmjs.org/coffee-script
123 http 200 https://registry.npmjs.org/coffee-script
124 silly get cb [ 200,
124 silly get   { server: 'CouchDB/1.5.0 (Erlang OTP/R16B03)',
124 silly get     etag: '"3BT3MRLZ5E8Z2H8RVM90D8M67"',
124 silly get     'content-type': 'application/json',
124 silly get     'cache-control': 'max-age=60',
124 silly get     'content-length': '41004',
124 silly get     'accept-ranges': 'bytes',
124 silly get     date: 'Fri, 30 Oct 2015 00:38:58 GMT',
124 silly get     via: '1.1 varnish',
124 silly get     age: '47',
124 silly get     connection: 'keep-alive',
124 silly get     'x-served-by': 'cache-lax1427-LAX',
124 silly get     'x-cache': 'HIT',
124 silly get     'x-cache-hits': '4',
124 silly get     'x-timer': 'S1446165538.216915,VS0,VE0',
124 silly get     vary: 'Accept' } ]
125 verbose get saving coffee-script to /Users/deepagk/.npm/registry.npmjs.org/coffee-script/.cache.json
126 http 200 https://registry.npmjs.org/xml2js
127 silly get cb [ 200,
127 silly get   { server: 'CouchDB/1.5.0 (Erlang OTP/R16B03)',
127 silly get     etag: '"3D5TNJYLCEI4QU9A9T2NOD6AU"',
127 silly get     'content-type': 'application/json',
127 silly get     'cache-control': 'max-age=60',
127 silly get     'content-length': '104471',
127 silly get     'accept-ranges': 'bytes',
127 silly get     date: 'Fri, 30 Oct 2015 00:38:58 GMT',
127 silly get     via: '1.1 varnish',
127 silly get     age: '20',
127 silly get     connection: 'keep-alive',
127 silly get     'x-served-by': 'cache-lax1435-LAX',
127 silly get     'x-cache': 'HIT',
127 silly get     'x-cache-hits': '2',
127 silly get     'x-timer': 'S1446165538.200381,VS0,VE0',
127 silly get     vary: 'Accept' } ]
128 verbose get saving xml2js to /Users/deepagk/.npm/registry.npmjs.org/xml2js/.cache.json
129 silly addNameRange number 2 { name: 'coffee-script', range: '>=1.7.1 <1.8.0', hasData: true }
130 silly addNameRange versions [ 'coffee-script',
130 silly addNameRange   [ '0.7.0',
130 silly addNameRange     '0.7.1',
130 silly addNameRange     '0.7.2',
130 silly addNameRange     '0.9.0',
130 silly addNameRange     '0.9.1',
130 silly addNameRange     '0.9.2',
130 silly addNameRange     '0.9.3',
130 silly addNameRange     '0.9.4',
130 silly addNameRange     '0.9.5',
130 silly addNameRange     '0.9.6',
130 silly addNameRange     '1.0.0',
130 silly addNameRange     '1.0.1',
130 silly addNameRange     '1.1.0',
130 silly addNameRange     '1.1.1',
130 silly addNameRange     '1.1.2',
130 silly addNameRange     '1.1.3',
130 silly addNameRange     '1.2.0',
130 silly addNameRange     '1.3.0',
130 silly addNameRange     '1.3.1',
130 silly addNameRange     '1.3.2',
130 silly addNameRange     '1.3.3',
130 silly addNameRange     '1.4.0',
130 silly addNameRange     '1.5.0',
130 silly addNameRange     '1.6.0',
130 silly addNameRange     '1.6.1',
130 silly addNameRange     '1.6.2',
130 silly addNameRange     '1.6.3',
130 silly addNameRange     '1.7.0',
130 silly addNameRange     '1.7.1',
130 silly addNameRange     '1.8.0',
130 silly addNameRange     '1.9.0',
130 silly addNameRange     '1.9.1',
130 silly addNameRange     '1.9.2',
130 silly addNameRange     '1.9.3',
130 silly addNameRange     '1.10.0' ] ]
131 silly addNamed coffee-script@1.7.1
132 verbose addNamed "1.7.1" is a plain semver version for coffee-script
133 silly addNameRange number 2 { name: 'xml2js', range: '>=0.2.8 <0.3.0', hasData: true }
134 silly addNameRange versions [ 'xml2js',
134 silly addNameRange   [ '0.1.0',
134 silly addNameRange     '0.1.1',
134 silly addNameRange     '0.1.2',
134 silly addNameRange     '0.1.3',
134 silly addNameRange     '0.1.4',
134 silly addNameRange     '0.1.5',
134 silly addNameRange     '0.1.6',
134 silly addNameRange     '0.1.7',
134 silly addNameRange     '0.1.8',
134 silly addNameRange     '0.1.9',
134 silly addNameRange     '0.1.10',
134 silly addNameRange     '0.1.11',
134 silly addNameRange     '0.1.12',
134 silly addNameRange     '0.1.13',
134 silly addNameRange     '0.1.14',
134 silly addNameRange     '0.2.0',
134 silly addNameRange     '0.2.1',
134 silly addNameRange     '0.2.2',
134 silly addNameRange     '0.2.3',
134 silly addNameRange     '0.2.4',
134 silly addNameRange     '0.2.5',
134 silly addNameRange     '0.2.6',
134 silly addNameRange     '0.2.7',
134 silly addNameRange     '0.2.8',
134 silly addNameRange     '0.4.0',
134 silly addNameRange     '0.4.1',
134 silly addNameRange     '0.4.2',
134 silly addNameRange     '0.4.3',
134 silly addNameRange     '0.4.4',
134 silly addNameRange     '0.4.5',
134 silly addNameRange     '0.4.6',
134 silly addNameRange     '0.4.7',
134 silly addNameRange     '0.4.8',
134 silly addNameRange     '0.4.9',
134 silly addNameRange     '0.4.10',
134 silly addNameRange     '0.4.11',
134 silly addNameRange     '0.4.12',
134 silly addNameRange     '0.4.13' ] ]
135 silly addNamed xml2js@0.2.8
136 verbose addNamed "0.2.8" is a plain semver version for xml2js
137 silly cache afterAdd coffee-script@1.7.1
138 verbose afterAdd /Users/deepagk/.npm/coffee-script/1.7.1/package/package.json not in flight; writing
139 silly cache afterAdd xml2js@0.2.8
140 verbose afterAdd /Users/deepagk/.npm/xml2js/0.2.8/package/package.json not in flight; writing
141 verbose afterAdd /Users/deepagk/.npm/coffee-script/1.7.1/package/package.json written
142 verbose afterAdd /Users/deepagk/.npm/xml2js/0.2.8/package/package.json written
143 http 304 https://registry.npmjs.org/java
144 silly get cb [ 304,
144 silly get   { date: 'Fri, 30 Oct 2015 00:38:58 GMT',
144 silly get     via: '1.1 varnish',
144 silly get     'cache-control': 'max-age=60',
144 silly get     etag: '"E93GS6MYZFMBWZL9FNE7TI0LJ"',
144 silly get     age: '0',
144 silly get     connection: 'keep-alive',
144 silly get     'x-served-by': 'cache-lax1423-LAX',
144 silly get     'x-cache': 'HIT',
144 silly get     'x-cache-hits': '1',
144 silly get     'x-timer': 'S1446165538.201150,VS0,VE313',
144 silly get     vary: 'Accept' } ]
145 verbose etag https://registry.npmjs.org/java from cache
146 verbose get saving java to /Users/deepagk/.npm/registry.npmjs.org/java/.cache.json
147 silly addNameRange number 2 { name: 'java', range: '>=0.2.4 <0.3.0', hasData: true }
148 silly addNameRange versions [ 'java',
148 silly addNameRange   [ '0.0.1',
148 silly addNameRange     '0.0.2',
148 silly addNameRange     '0.0.3',
148 silly addNameRange     '0.0.4',
148 silly addNameRange     '0.0.5',
148 silly addNameRange     '0.0.6',
148 silly addNameRange     '0.1.0',
148 silly addNameRange     '0.1.1',
148 silly addNameRange     '0.1.2',
148 silly addNameRange     '0.1.3',
148 silly addNameRange     '0.2.0',
148 silly addNameRange     '0.2.1',
148 silly addNameRange     '0.2.2',
148 silly addNameRange     '0.2.3',
148 silly addNameRange     '0.2.4',
148 silly addNameRange     '0.2.5',
148 silly addNameRange     '0.2.6',
148 silly addNameRange     '0.2.7',
148 silly addNameRange     '0.2.8',
148 silly addNameRange     '0.2.9',
148 silly addNameRange     '0.3.0',
148 silly addNameRange     '0.3.1',
148 silly addNameRange     '0.3.2',
148 silly addNameRange     '0.3.3',
148 silly addNameRange     '0.3.4',
148 silly addNameRange     '0.3.5',
148 silly addNameRange     '0.3.6',
148 silly addNameRange     '0.4.0',
148 silly addNameRange     '0.4.1',
148 silly addNameRange     '0.4.2',
148 silly addNameRange     '0.4.3',
148 silly addNameRange     '0.4.4',
148 silly addNameRange     '0.4.5',
148 silly addNameRange     '0.4.6',
148 silly addNameRange     '0.4.7',
148 silly addNameRange     '5.0.0',
148 silly addNameRange     '5.0.1',
148 silly addNameRange     '0.5.1',
148 silly addNameRange     '0.5.2',
148 silly addNameRange     '0.5.3',
148 silly addNameRange     '0.5.4',
148 silly addNameRange     '0.5.5',
148 silly addNameRange     '0.6.0' ] ]
149 silly addNamed java@0.2.9
150 verbose addNamed "0.2.9" is a plain semver version for java
151 silly cache afterAdd java@0.2.9
152 verbose afterAdd /Users/deepagk/.npm/java/0.2.9/package/package.json not in flight; writing
153 verbose afterAdd /Users/deepagk/.npm/java/0.2.9/package/package.json written
154 silly install resolved [ { name: 'coffee-script',
154 silly install resolved     description: 'Unfancy JavaScript',
154 silly install resolved     keywords: [ 'javascript', 'language', 'coffeescript', 'compiler' ],
154 silly install resolved     author: { name: 'Jeremy Ashkenas' },
154 silly install resolved     version: '1.7.1',
154 silly install resolved     license: 'MIT',
154 silly install resolved     engines: { node: '>=0.8.0' },
154 silly install resolved     directories: { lib: './lib/coffee-script' },
154 silly install resolved     main: './lib/coffee-script/coffee-script',
154 silly install resolved     bin: { coffee: './bin/coffee', cake: './bin/cake' },
154 silly install resolved     scripts: { test: 'node ./bin/cake test' },
154 silly install resolved     homepage: 'http://coffeescript.org',
154 silly install resolved     bugs: { url: 'https://github.com/jashkenas/coffee-script/issues' },
154 silly install resolved     repository:
154 silly install resolved      { type: 'git',
154 silly install resolved        url: 'git://github.com/jashkenas/coffee-script.git' },
154 silly install resolved     devDependencies:
154 silly install resolved      { 'uglify-js': '~2.2',
154 silly install resolved        jison: '>=0.2.0',
154 silly install resolved        'highlight.js': '~8.0.0',
154 silly install resolved        underscore: '~1.5.2' },
154 silly install resolved     dependencies: { mkdirp: '~0.3.5' },
154 silly install resolved     _id: 'coffee-script@1.7.1',
154 silly install resolved     dist:
154 silly install resolved      { shasum: '62996a861780c75e6d5069d13822723b73404bfc',
154 silly install resolved        tarball: 'http://registry.npmjs.org/coffee-script/-/coffee-script-1.7.1.tgz' },
154 silly install resolved     _from: 'coffee-script@>=1.7.1 <1.8.0',
154 silly install resolved     _npmVersion: '1.3.24',
154 silly install resolved     _npmUser: { name: 'michaelficarra', email: 'npm@michael.ficarra.me' },
154 silly install resolved     maintainers: [ [Object] ],
154 silly install resolved     _shasum: '62996a861780c75e6d5069d13822723b73404bfc',
154 silly install resolved     _resolved: 'https://registry.npmjs.org/coffee-script/-/coffee-script-1.7.1.tgz',
154 silly install resolved     readme: 'ERROR: No README data found!' },
154 silly install resolved   { name: 'xml2js',
154 silly install resolved     description: 'Simple XML to JavaScript object converter.',
154 silly install resolved     keywords: [ 'xml', 'json' ],
154 silly install resolved     homepage: 'https://github.com/Leonidas-from-XIV/node-xml2js',
154 silly install resolved     version: '0.2.8',
154 silly install resolved     author:
154 silly install resolved      { name: 'Marek Kubica',
154 silly install resolved        email: 'marek@xivilization.net',
154 silly install resolved        url: 'http://xivilization.net' },
154 silly install resolved     contributors:
154 silly install resolved      [ [Object],
154 silly install resolved        [Object],
154 silly install resolved        [Object],
154 silly install resolved        [Object],
154 silly install resolved        [Object],
154 silly install resolved        [Object],
154 silly install resolved        [Object],
154 silly install resolved        [Object],
154 silly install resolved        [Object],
154 silly install resolved        [Object],
154 silly install resolved        [Object],
154 silly install resolved        [Object],
154 silly install resolved        [Object],
154 silly install resolved        [Object],
154 silly install resolved        [Object],
154 silly install resolved        [Object],
154 silly install resolved        [Object],
154 silly install resolved        [Object] ],
154 silly install resolved     main: './lib/xml2js',
154 silly install resolved     directories: { lib: './lib' },
154 silly install resolved     scripts: { test: 'zap' },
154 silly install resolved     repository:
154 silly install resolved      { type: 'git',
154 silly install resolved        url: 'git+https://github.com/Leonidas-from-XIV/node-xml2js.git' },
154 silly install resolved     dependencies: { sax: '0.5.x' },
154 silly install resolved     devDependencies: { 'coffee-script': '>=1.6.3', zap: '>=0.2.5', docco: '>=0.6.2' },
154 silly install resolved     bugs: { url: 'https://github.com/Leonidas-from-XIV/node-xml2js/issues' },
154 silly install resolved     _id: 'xml2js@0.2.8',
154 silly install resolved     dist:
154 silly install resolved      { shasum: '9b81690931631ff09d1957549faf54f4f980b3c2',
154 silly install resolved        tarball: 'http://registry.npmjs.org/xml2js/-/xml2js-0.2.8.tgz' },
154 silly install resolved     _from: 'xml2js@>=0.2.8 <0.3.0',
154 silly install resolved     _npmVersion: '1.2.25',
154 silly install resolved     _npmUser: { name: 'leonidas', email: 'marek@xivilization.net' },
154 silly install resolved     maintainers: [ [Object] ],
154 silly install resolved     _shasum: '9b81690931631ff09d1957549faf54f4f980b3c2',
154 silly install resolved     _resolved: 'https://registry.npmjs.org/xml2js/-/xml2js-0.2.8.tgz',
154 silly install resolved     readme: 'ERROR: No README data found!' },
154 silly install resolved   { name: 'java',
154 silly install resolved     description: 'Bridge API to connect with existing Java APIs.',
154 silly install resolved     author: { name: 'Joe Ferner', email: 'joe.ferner@nearinfinity.com' },
154 silly install resolved     keywords: [ 'java', 'jvm', 'bridge' ],
154 silly install resolved     version: '0.2.9',
154 silly install resolved     engines: { node: '>=0.6.0' },
154 silly install resolved     maintainers: [ [Object] ],
154 silly install resolved     bugs: { url: 'https://github.com/nearinfinity/node-java/issues' },
154 silly install resolved     license: 'MIT',
154 silly install resolved     repository:
154 silly install resolved      { type: 'git',
154 silly install resolved        url: 'git+https://github.com/nearinfinity/node-java.git' },
154 silly install resolved     dependencies: {},
154 silly install resolved     devDependencies: { nodeunit: '~0.6.4', memwatch: '~0.2.0', async: '~0.1.22' },
154 silly install resolved     scripts: { test: 'nodeunit test', install: 'node-gyp rebuild' },
154 silly install resolved     main: './index.js',
154 silly install resolved     gypfile: true,
154 silly install resolved     _id: 'java@0.2.9',
154 silly install resolved     dist:
154 silly install resolved      { shasum: '81f446974d797b2488de2acbb53f79ba2e586933',
154 silly install resolved        tarball: 'http://registry.npmjs.org/java/-/java-0.2.9.tgz' },
154 silly install resolved     _from: 'java@>=0.2.4 <0.3.0',
154 silly install resolved     _npmVersion: '1.3.5',
154 silly install resolved     _npmUser: { name: 'joeferner', email: 'joe@fernsroth.com' },
154 silly install resolved     directories: {},
154 silly install resolved     _shasum: '81f446974d797b2488de2acbb53f79ba2e586933',
154 silly install resolved     _resolved: 'https://registry.npmjs.org/java/-/java-0.2.9.tgz',
154 silly install resolved     readme: 'ERROR: No README data found!',
154 silly install resolved     homepage: 'https://github.com/nearinfinity/node-java#readme' } ]
155 info install coffee-script@1.7.1 into /Users/deepagk/Desktop/MEAN/Full_Mean/Project/node_modules/stanford-simple-nlp
156 info install xml2js@0.2.8 into /Users/deepagk/Desktop/MEAN/Full_Mean/Project/node_modules/stanford-simple-nlp
157 info install java@0.2.9 into /Users/deepagk/Desktop/MEAN/Full_Mean/Project/node_modules/stanford-simple-nlp
158 info installOne coffee-script@1.7.1
159 verbose installOne of coffee-script to /Users/deepagk/Desktop/MEAN/Full_Mean/Project/node_modules/stanford-simple-nlp not in flight; installing
160 info installOne xml2js@0.2.8
161 verbose installOne of xml2js to /Users/deepagk/Desktop/MEAN/Full_Mean/Project/node_modules/stanford-simple-nlp not in flight; installing
162 info installOne java@0.2.9
163 verbose installOne of java to /Users/deepagk/Desktop/MEAN/Full_Mean/Project/node_modules/stanford-simple-nlp not in flight; installing
164 verbose lock using /Users/deepagk/.npm/_locks/coffee-script-d63d4c61e03a83ce.lock for /Users/deepagk/Desktop/MEAN/Full_Mean/Project/node_modules/stanford-simple-nlp/node_modules/coffee-script
165 silly install write writing coffee-script 1.7.1 to /Users/deepagk/Desktop/MEAN/Full_Mean/Project/node_modules/stanford-simple-nlp/node_modules/coffee-script
166 verbose unbuild node_modules/stanford-simple-nlp/node_modules/coffee-script
167 silly gentlyRm /Users/deepagk/Desktop/MEAN/Full_Mean/Project/node_modules/stanford-simple-nlp/node_modules/coffee-script is being purged from base /Users/deepagk/Desktop/MEAN/Full_Mean/Project
168 verbose gentlyRm don't care about contents; nuking /Users/deepagk/Desktop/MEAN/Full_Mean/Project/node_modules/stanford-simple-nlp/node_modules/coffee-script
169 verbose tar unpack /Users/deepagk/.npm/coffee-script/1.7.1/package.tgz
170 verbose tar unpacking to /Users/deepagk/Desktop/MEAN/Full_Mean/Project/node_modules/stanford-simple-nlp/node_modules/coffee-script
171 silly gentlyRm /Users/deepagk/Desktop/MEAN/Full_Mean/Project/node_modules/stanford-simple-nlp/node_modules/coffee-script is being purged
172 verbose gentlyRm don't care about contents; nuking /Users/deepagk/Desktop/MEAN/Full_Mean/Project/node_modules/stanford-simple-nlp/node_modules/coffee-script
173 silly gunzTarPerm modes [ '755', '644' ]
174 verbose lock using /Users/deepagk/.npm/_locks/xml2js-eb5b845db59098ff.lock for /Users/deepagk/Desktop/MEAN/Full_Mean/Project/node_modules/stanford-simple-nlp/node_modules/xml2js
175 verbose lock using /Users/deepagk/.npm/_locks/java-40a000d9789d739b.lock for /Users/deepagk/Desktop/MEAN/Full_Mean/Project/node_modules/stanford-simple-nlp/node_modules/java
176 silly install write writing xml2js 0.2.8 to /Users/deepagk/Desktop/MEAN/Full_Mean/Project/node_modules/stanford-simple-nlp/node_modules/xml2js
177 silly install write writing java 0.2.9 to /Users/deepagk/Desktop/MEAN/Full_Mean/Project/node_modules/stanford-simple-nlp/node_modules/java
178 verbose unbuild node_modules/stanford-simple-nlp/node_modules/xml2js
179 verbose unbuild node_modules/stanford-simple-nlp/node_modules/java
180 silly gentlyRm /Users/deepagk/Desktop/MEAN/Full_Mean/Project/node_modules/stanford-simple-nlp/node_modules/xml2js is being purged from base /Users/deepagk/Desktop/MEAN/Full_Mean/Project
181 verbose gentlyRm don't care about contents; nuking /Users/deepagk/Desktop/MEAN/Full_Mean/Project/node_modules/stanford-simple-nlp/node_modules/xml2js
182 silly gentlyRm /Users/deepagk/Desktop/MEAN/Full_Mean/Project/node_modules/stanford-simple-nlp/node_modules/java is being purged from base /Users/deepagk/Desktop/MEAN/Full_Mean/Project
183 verbose gentlyRm don't care about contents; nuking /Users/deepagk/Desktop/MEAN/Full_Mean/Project/node_modules/stanford-simple-nlp/node_modules/java
184 verbose tar unpack /Users/deepagk/.npm/xml2js/0.2.8/package.tgz
185 verbose tar unpacking to /Users/deepagk/Desktop/MEAN/Full_Mean/Project/node_modules/stanford-simple-nlp/node_modules/xml2js
186 silly gentlyRm /Users/deepagk/Desktop/MEAN/Full_Mean/Project/node_modules/stanford-simple-nlp/node_modules/xml2js is being purged
187 verbose gentlyRm don't care about contents; nuking /Users/deepagk/Desktop/MEAN/Full_Mean/Project/node_modules/stanford-simple-nlp/node_modules/xml2js
188 verbose tar unpack /Users/deepagk/.npm/java/0.2.9/package.tgz
189 verbose tar unpacking to /Users/deepagk/Desktop/MEAN/Full_Mean/Project/node_modules/stanford-simple-nlp/node_modules/java
190 silly gentlyRm /Users/deepagk/Desktop/MEAN/Full_Mean/Project/node_modules/stanford-simple-nlp/node_modules/java is being purged
191 verbose gentlyRm don't care about contents; nuking /Users/deepagk/Desktop/MEAN/Full_Mean/Project/node_modules/stanford-simple-nlp/node_modules/java
192 silly gunzTarPerm modes [ '755', '644' ]
193 silly gunzTarPerm modes [ '755', '644' ]
194 silly gunzTarPerm extractEntry package.json
195 silly gunzTarPerm extractEntry .npmignore
196 silly gunzTarPerm extractEntry README
197 silly gunzTarPerm extractEntry package.json
198 silly gunzTarPerm extractEntry .npmignore
199 silly gunzTarPerm extractEntry README.md
200 silly gunzTarPerm extractEntry package.json
201 silly gunzTarPerm extractEntry LICENSE
202 silly gunzTarPerm extractEntry .npmignore
203 silly gunzTarPerm extractEntry README.md
204 silly gunzTarPerm extractEntry register.js
205 silly gunzTarPerm extractEntry LICENSE
206 silly gunzTarPerm extractEntry .travis.yml
207 silly gunzTarPerm extractEntry CNAME
208 silly gunzTarPerm extractEntry CONTRIBUTING.md
209 silly gunzTarPerm extractEntry LICENSE
210 silly gunzTarPerm extractEntry 83.coffee
211 silly gunzTarPerm extractEntry bin/cake
212 silly gunzTarPerm extractEntry bin/coffee
213 silly gunzTarPerm extractEntry index.js
214 silly gunzTarPerm extractEntry mnm.js
215 silly gunzTarPerm extractEntry canon.xml
216 silly gunzTarPerm extractEntry lib/xml2js.js
217 silly gunzTarPerm extractEntry lib/coffee-script/browser.js
218 silly gunzTarPerm extractEntry lib/coffee-script/grammar.js
219 silly gunzTarPerm extractEntry testHelpers.js
220 silly gunzTarPerm extractEntry touch.py
221 silly gunzTarPerm extractEntry text.coffee
222 silly gunzTarPerm extractEntry text.xml
223 silly gunzTarPerm extractEntry lib/coffee-script/helpers.js
224 silly gunzTarPerm extractEntry lib/coffee-script/index.js
225 silly gunzTarPerm extractEntry jarjar.rule
226 silly gunzTarPerm extractEntry binding.gyp
227 silly gunzTarPerm extractEntry lib/coffee-script/lexer.js
228 silly gunzTarPerm extractEntry lib/coffee-script/command.js
229 silly gunzTarPerm extractEntry commons-lang3-node-java.jar
230 silly gunzTarPerm extractEntry lib/coffee-script/optparse.js
231 silly gunzTarPerm extractEntry lib/coffee-script/parser.js
232 silly gunzTarPerm extractEntry lib/coffee-script/register.js
233 silly gunzTarPerm extractEntry compile-java-code.sh
234 silly gunzTarPerm extractEntry projectFilesBackup/.idea/libraries/sass_stdlib.xml
235 silly gunzTarPerm extractEntry projectFilesBackup1/.idea/libraries/sass_stdlib.xml
236 silly gunzTarPerm extractEntry lib/coffee-script/repl.js
237 silly gunzTarPerm extractEntry lib/coffee-script/rewriter.js
238 silly gunzTarPerm extractEntry src/methodCallBaton.cpp
239 silly gunzTarPerm extractEntry src/java.cpp
240 silly gunzTarPerm extractEntry lib/coffee-script/coffee-script.js
241 silly gunzTarPerm extractEntry lib/coffee-script/scope.js
242 silly gunzTarPerm extractEntry lib/coffee-script/cake.js
243 silly gunzTarPerm extractEntry src/javaObject.cpp
244 silly gunzTarPerm extractEntry src/javaObject.h
245 silly gunzTarPerm extractEntry lib/coffee-script/sourcemap.js
246 silly gunzTarPerm extractEntry src/javaScope.cpp
247 silly gunzTarPerm extractEntry src/javaScope.h
248 silly gunzTarPerm extractEntry src/java.h
249 silly gunzTarPerm extractEntry src/methodCallBaton.h
250 silly gunzTarPerm extractEntry src/nodeJavaBridge.cpp
251 silly gunzTarPerm extractEntry lib/coffee-script/nodes.js
252 verbose write writing to /Users/deepagk/Desktop/MEAN/Full_Mean/Project/node_modules/stanford-simple-nlp/node_modules/xml2js/package.json
253 silly gunzTarPerm extractEntry src/node_NodeDynamicProxyClass.h
254 silly gunzTarPerm extractEntry src/utils.cpp
255 silly gunzTarPerm extractEntry src/utils.h
256 info preinstall xml2js@0.2.8
257 silly gunzTarPerm extractEntry src-java/node/NodeDynamicProxyClass.class
258 verbose readDependencies loading dependencies from /Users/deepagk/Desktop/MEAN/Full_Mean/Project/node_modules/stanford-simple-nlp/node_modules/xml2js/package.json
259 silly gunzTarPerm extractEntry src-java/node/NodeDynamicProxyClass.java
260 silly gunzTarPerm extractEntry test/utils-types-test.js
261 silly prepareForInstallMany adding sax@0.5.x from xml2js dependencies
262 verbose readDependencies loading dependencies from /Users/deepagk/Desktop/MEAN/Full_Mean/Project/node_modules/stanford-simple-nlp/node_modules/xml2js/package.json
263 silly gunzTarPerm extractEntry test/simple-test.js
264 silly gunzTarPerm extractEntry test/javaObject-test.js
265 silly gunzTarPerm extractEntry test/java-staticField-test.js
266 silly gunzTarPerm extractEntry test/java-newInstance-test.js
267 silly cache add args [ 'sax@0.5.x', null ]
268 verbose cache add spec sax@0.5.x
269 silly cache add parsed spec Result {
269 silly cache add   raw: 'sax@0.5.x',
269 silly cache add   scope: null,
269 silly cache add   name: 'sax',
269 silly cache add   rawSpec: '0.5.x',
269 silly cache add   spec: '>=0.5.0 <0.6.0',
269 silly cache add   type: 'range' }
270 silly addNamed sax@>=0.5.0 <0.6.0
271 verbose addNamed ">=0.5.0 <0.6.0" is a valid semver range for sax
272 silly addNameRange { name: 'sax', range: '>=0.5.0 <0.6.0', hasData: false }
273 silly mapToRegistry name sax
274 silly mapToRegistry using default registry
275 silly mapToRegistry registry https://registry.npmjs.org/
276 silly mapToRegistry uri https://registry.npmjs.org/sax
277 verbose addNameRange registry:https://registry.npmjs.org/sax not in flight; fetching
278 silly gunzTarPerm extractEntry test/java-callStaticMethod-test.js
279 silly gunzTarPerm extractEntry test/instanceof-test.js
280 silly gunzTarPerm extractEntry test/importClass-test.js
281 silly gunzTarPerm extractEntry test/dynamicProxy-test.js
282 silly gunzTarPerm extractEntry test/awt-test.js
283 silly gunzTarPerm extractEntry test/Test$SuperClass.class
284 silly gunzTarPerm extractEntry test/TestExceptions.java
285 silly gunzTarPerm extractEntry test/commons-lang3-3.1.jar
286 verbose request uri https://registry.npmjs.org/sax
287 verbose request no auth needed
288 info attempt registry request try #1 at 5:38:59 PM
289 verbose etag "BCI4XTIY4UICILY4SFQZU51XN"
290 http request GET https://registry.npmjs.org/sax
291 silly gunzTarPerm extractEntry test/TestExceptions.class
292 silly gunzTarPerm extractEntry test/Test.java
293 silly gunzTarPerm extractEntry test/Test.class
294 silly gunzTarPerm extractEntry test/RunInterface$Interface1Arg.class
295 silly gunzTarPerm extractEntry test/Test$SubClass.class
296 silly gunzTarPerm extractEntry test/RunInterface.java
297 silly gunzTarPerm extractEntry test/RunInterface.class
298 silly gunzTarPerm extractEntry test/nodejs.png
299 silly gunzTarPerm extractEntry test/RunInterface$InterfaceWithReturn.class
300 silly gunzTarPerm extractEntry test/RunInterface$Interface0Arg.class
301 silly gunzTarPerm extractEntry examples/lucene/example.js
302 silly gunzTarPerm extractEntry examples/lucene/lucene-core-3.5.0.jar
303 http 304 https://registry.npmjs.org/sax
304 silly get cb [ 304,
304 silly get   { date: 'Fri, 30 Oct 2015 00:38:59 GMT',
304 silly get     via: '1.1 varnish',
304 silly get     'cache-control': 'max-age=60',
304 silly get     etag: '"BCI4XTIY4UICILY4SFQZU51XN"',
304 silly get     age: '7',
304 silly get     connection: 'keep-alive',
304 silly get     'x-served-by': 'cache-lax1435-LAX',
304 silly get     'x-cache': 'HIT',
304 silly get     'x-cache-hits': '1',
304 silly get     'x-timer': 'S1446165539.158391,VS0,VE2',
304 silly get     vary: 'Accept' } ]
305 verbose etag https://registry.npmjs.org/sax from cache
306 verbose get saving sax to /Users/deepagk/.npm/registry.npmjs.org/sax/.cache.json
307 verbose write writing to /Users/deepagk/Desktop/MEAN/Full_Mean/Project/node_modules/stanford-simple-nlp/node_modules/coffee-script/package.json
308 silly addNameRange number 2 { name: 'sax', range: '>=0.5.0 <0.6.0', hasData: true }
309 silly addNameRange versions [ 'sax',
309 silly addNameRange   [ '0.1.0',
309 silly addNameRange     '0.1.1',
309 silly addNameRange     '0.1.2',
309 silly addNameRange     '0.1.3',
309 silly addNameRange     '0.1.4',
309 silly addNameRange     '0.1.5',
309 silly addNameRange     '0.2.0',
309 silly addNameRange     '0.2.1',
309 silly addNameRange     '0.2.2',
309 silly addNameRange     '0.2.3',
309 silly addNameRange     '0.2.4',
309 silly addNameRange     '0.2.5',
309 silly addNameRange     '0.3.0',
309 silly addNameRange     '0.3.1',
309 silly addNameRange     '0.3.2',
309 silly addNameRange     '0.3.3',
309 silly addNameRange     '0.3.4',
309 silly addNameRange     '0.3.5',
309 silly addNameRange     '0.4.1',
309 silly addNameRange     '0.4.0',
309 silly addNameRange     '0.4.2',
309 silly addNameRange     '0.4.3',
309 silly addNameRange     '0.5.0',
309 silly addNameRange     '0.5.1',
309 silly addNameRange     '0.5.2',
309 silly addNameRange     '0.5.3',
309 silly addNameRange     '0.5.4',
309 silly addNameRange     '0.5.5',
309 silly addNameRange     '0.5.6',
309 silly addNameRange     '0.5.7',
309 silly addNameRange     '0.5.8',
309 silly addNameRange     '0.6.0',
309 silly addNameRange     '0.6.1',
309 silly addNameRange     '1.0.0',
309 silly addNameRange     '1.1.0',
309 silly addNameRange     '1.1.1',
309 silly addNameRange     '1.1.2',
309 silly addNameRange     '1.1.3',
309 silly addNameRange     '1.1.4' ] ]
310 silly addNamed sax@0.5.8
311 verbose addNamed "0.5.8" is a plain semver version for sax
312 info preinstall coffee-script@1.7.1
313 verbose readDependencies loading dependencies from /Users/deepagk/Desktop/MEAN/Full_Mean/Project/node_modules/stanford-simple-nlp/node_modules/coffee-script/package.json
314 silly cache afterAdd sax@0.5.8
315 verbose afterAdd /Users/deepagk/.npm/sax/0.5.8/package/package.json not in flight; writing
316 silly prepareForInstallMany adding mkdirp@~0.3.5 from coffee-script dependencies
317 verbose readDependencies loading dependencies from /Users/deepagk/Desktop/MEAN/Full_Mean/Project/node_modules/stanford-simple-nlp/node_modules/coffee-script/package.json
318 verbose afterAdd /Users/deepagk/.npm/sax/0.5.8/package/package.json written
319 silly install resolved [ { name: 'sax',
319 silly install resolved     description: 'An evented streaming XML parser in JavaScript',
319 silly install resolved     author:
319 silly install resolved      { name: 'Isaac Z. Schlueter',
319 silly install resolved        email: 'i@izs.me',
319 silly install resolved        url: 'http://blog.izs.me/' },
319 silly install resolved     version: '0.5.8',
319 silly install resolved     main: 'lib/sax.js',
319 silly install resolved     license: 'BSD',
319 silly install resolved     scripts: { test: 'node test/index.js' },
319 silly install resolved     repository: { type: 'git', url: 'git://github.com/isaacs/sax-js.git' },
319 silly install resolved     contributors:
319 silly install resolved      [ [Object],
319 silly install resolved        [Object],
319 silly install resolved        [Object],
319 silly install resolved        [Object],
319 silly install resolved        [Object],
319 silly install resolved        [Object],
319 silly install resolved        [Object],
319 silly install resolved        [Object],
319 silly install resolved        [Object] ],
319 silly install resolved     bugs: { url: 'https://github.com/isaacs/sax-js/issues' },
319 silly install resolved     homepage: 'https://github.com/isaacs/sax-js',
319 silly install resolved     _id: 'sax@0.5.8',
319 silly install resolved     dist:
319 silly install resolved      { shasum: 'd472db228eb331c2506b0e8c15524adb939d12c1',
319 silly install resolved        tarball: 'http://registry.npmjs.org/sax/-/sax-0.5.8.tgz' },
319 silly install resolved     _from: 'sax@>=0.5.0 <0.6.0',
319 silly install resolved     _npmVersion: '1.3.15',
319 silly install resolved     _npmUser: { name: 'isaacs', email: 'i@izs.me' },
319 silly install resolved     maintainers: [ [Object] ],
319 silly install resolved     directories: {},
319 silly install resolved     _shasum: 'd472db228eb331c2506b0e8c15524adb939d12c1',
319 silly install resolved     _resolved: 'https://registry.npmjs.org/sax/-/sax-0.5.8.tgz',
319 silly install resolved     readme: 'ERROR: No README data found!' } ]
320 info install sax@0.5.8 into /Users/deepagk/Desktop/MEAN/Full_Mean/Project/node_modules/stanford-simple-nlp/node_modules/xml2js
321 info installOne sax@0.5.8
322 verbose installOne of sax to /Users/deepagk/Desktop/MEAN/Full_Mean/Project/node_modules/stanford-simple-nlp/node_modules/xml2js not in flight; installing
323 silly cache add args [ 'mkdirp@~0.3.5', null ]
324 verbose cache add spec mkdirp@~0.3.5
325 silly cache add parsed spec Result {
325 silly cache add   raw: 'mkdirp@~0.3.5',
325 silly cache add   scope: null,
325 silly cache add   name: 'mkdirp',
325 silly cache add   rawSpec: '~0.3.5',
325 silly cache add   spec: '>=0.3.5 <0.4.0',
325 silly cache add   type: 'range' }
326 silly addNamed mkdirp@>=0.3.5 <0.4.0
327 verbose addNamed ">=0.3.5 <0.4.0" is a valid semver range for mkdirp
328 silly addNameRange { name: 'mkdirp', range: '>=0.3.5 <0.4.0', hasData: false }
329 silly mapToRegistry name mkdirp
330 silly mapToRegistry using default registry
331 silly mapToRegistry registry https://registry.npmjs.org/
332 silly mapToRegistry uri https://registry.npmjs.org/mkdirp
333 verbose addNameRange registry:https://registry.npmjs.org/mkdirp not in flight; fetching
334 silly gunzTarPerm extractEntry examples/mixJavaAndNode/runMyClass.js
335 verbose lock using /Users/deepagk/.npm/_locks/sax-4e8a7ee3c7775eec.lock for /Users/deepagk/Desktop/MEAN/Full_Mean/Project/node_modules/stanford-simple-nlp/node_modules/xml2js/node_modules/sax
336 silly install write writing sax 0.5.8 to /Users/deepagk/Desktop/MEAN/Full_Mean/Project/node_modules/stanford-simple-nlp/node_modules/xml2js/node_modules/sax
337 verbose request uri https://registry.npmjs.org/mkdirp
338 verbose request no auth needed
339 info attempt registry request try #1 at 5:38:59 PM
340 verbose etag "7CR0DGRXNFVDDOXBCC5URTVOS"
341 http request GET https://registry.npmjs.org/mkdirp
342 verbose unbuild node_modules/stanford-simple-nlp/node_modules/xml2js/node_modules/sax
343 silly gentlyRm /Users/deepagk/Desktop/MEAN/Full_Mean/Project/node_modules/stanford-simple-nlp/node_modules/xml2js/node_modules/sax is being purged from base /Users/deepagk/Desktop/MEAN/Full_Mean/Project
344 verbose gentlyRm don't care about contents; nuking /Users/deepagk/Desktop/MEAN/Full_Mean/Project/node_modules/stanford-simple-nlp/node_modules/xml2js/node_modules/sax
345 silly gunzTarPerm extractEntry examples/mixJavaAndNode/src/com/nearinfinity/nodeJava/MyClass.class
346 silly gunzTarPerm extractEntry examples/mixJavaAndNode/src/com/nearinfinity/nodeJava/MyClass.java
347 verbose tar unpack /Users/deepagk/.npm/sax/0.5.8/package.tgz
348 verbose tar unpacking to /Users/deepagk/Desktop/MEAN/Full_Mean/Project/node_modules/stanford-simple-nlp/node_modules/xml2js/node_modules/sax
349 silly gentlyRm /Users/deepagk/Desktop/MEAN/Full_Mean/Project/node_modules/stanford-simple-nlp/node_modules/xml2js/node_modules/sax is being purged
350 verbose gentlyRm don't care about contents; nuking /Users/deepagk/Desktop/MEAN/Full_Mean/Project/node_modules/stanford-simple-nlp/node_modules/xml2js/node_modules/sax
351 silly gunzTarPerm modes [ '755', '644' ]
352 silly gunzTarPerm extractEntry lib/nodeJavaBridge.js
353 silly gunzTarPerm extractEntry package.json
354 silly gunzTarPerm extractEntry README.md
355 silly gunzTarPerm extractEntry LICENSE
356 silly gunzTarPerm extractEntry AUTHORS
357 silly gunzTarPerm extractEntry LICENSE-W3C.html
358 silly gunzTarPerm extractEntry component.json
359 silly gunzTarPerm extractEntry examples/example.js
360 silly gunzTarPerm extractEntry examples/get-products.js
361 silly gunzTarPerm extractEntry examples/hello-world.js
362 silly gunzTarPerm extractEntry examples/pretty-print.js
363 silly gunzTarPerm extractEntry examples/big-not-pretty.xml
364 silly gunzTarPerm extractEntry examples/not-pretty.xml
365 silly gunzTarPerm extractEntry examples/shopping.xml
366 silly gunzTarPerm extractEntry examples/strict.dtd
367 silly gunzTarPerm extractEntry examples/test.html
368 silly gunzTarPerm extractEntry examples/test.xml
369 silly gunzTarPerm extractEntry lib/sax.js
370 silly gunzTarPerm extractEntry test/attribute-name.js
371 silly gunzTarPerm extractEntry test/issue-35.js
372 silly gunzTarPerm extractEntry test/issue-47.js
373 silly gunzTarPerm extractEntry test/issue-49.js
374 silly gunzTarPerm extractEntry test/issue-84.js
375 silly gunzTarPerm extractEntry test/issue-30.js
376 silly gunzTarPerm extractEntry test/script-close-better.js
377 silly gunzTarPerm extractEntry test/script.js
378 silly gunzTarPerm extractEntry test/self-closing-child-strict.js
379 silly gunzTarPerm extractEntry test/self-closing-child.js
380 silly gunzTarPerm extractEntry test/self-closing-tag.js
381 silly gunzTarPerm extractEntry test/issue-23.js
382 silly gunzTarPerm extractEntry test/stray-ending.js
383 silly gunzTarPerm extractEntry test/index.js
384 silly gunzTarPerm extractEntry test/trailing-attribute-no-value.js
385 silly gunzTarPerm extractEntry test/flush.js
386 silly gunzTarPerm extractEntry test/trailing-non-whitespace.js
387 silly gunzTarPerm extractEntry test/entity-mega.js
388 silly gunzTarPerm extractEntry test/unclosed-root.js
389 silly gunzTarPerm extractEntry test/entities.js
390 silly gunzTarPerm extractEntry test/unquoted.js
391 silly gunzTarPerm extractEntry test/end_empty_stream.js
392 silly gunzTarPerm extractEntry test/utf8-split.js
393 silly gunzTarPerm extractEntry test/duplicate-attribute.js
394 silly gunzTarPerm extractEntry test/xmlns-as-tag-name.js
395 silly gunzTarPerm extractEntry test/cyrillic.js
396 silly gunzTarPerm extractEntry test/xmlns-issue-41.js
397 silly gunzTarPerm extractEntry test/cdata.js
398 silly gunzTarPerm extractEntry test/xmlns-rebinding.js
399 silly gunzTarPerm extractEntry test/cdata-multiple.js
400 silly gunzTarPerm extractEntry test/xmlns-strict.js
401 silly gunzTarPerm extractEntry test/cdata-fake-end.js
402 silly gunzTarPerm extractEntry test/xmlns-unbound-element.js
403 http 304 https://registry.npmjs.org/mkdirp
404 silly get cb [ 304,
404 silly get   { date: 'Fri, 30 Oct 2015 00:38:59 GMT',
404 silly get     via: '1.1 varnish',
404 silly get     'cache-control': 'max-age=60',
404 silly get     etag: '"7CR0DGRXNFVDDOXBCC5URTVOS"',
404 silly get     age: '7',
404 silly get     connection: 'keep-alive',
404 silly get     'x-served-by': 'cache-lax1434-LAX',
404 silly get     'x-cache': 'HIT',
404 silly get     'x-cache-hits': '1',
404 silly get     'x-timer': 'S1446165539.297236,VS0,VE1',
404 silly get     vary: 'Accept' } ]
405 verbose etag https://registry.npmjs.org/mkdirp from cache
406 verbose get saving mkdirp to /Users/deepagk/.npm/registry.npmjs.org/mkdirp/.cache.json
407 silly gunzTarPerm extractEntry test/cdata-end-split.js
408 silly gunzTarPerm extractEntry test/xmlns-unbound.js
409 silly gunzTarPerm extractEntry test/cdata-chunked.js
410 silly gunzTarPerm extractEntry test/xmlns-xml-default-ns.js
411 silly gunzTarPerm extractEntry test/case.js
412 silly addNameRange number 2 { name: 'mkdirp', range: '>=0.3.5 <0.4.0', hasData: true }
413 silly addNameRange versions [ 'mkdirp',
413 silly addNameRange   [ '0.0.1',
413 silly addNameRange     '0.0.2',
413 silly addNameRange     '0.0.3',
413 silly addNameRange     '0.0.4',
413 silly addNameRange     '0.0.5',
413 silly addNameRange     '0.0.6',
413 silly addNameRange     '0.0.7',
413 silly addNameRange     '0.1.0',
413 silly addNameRange     '0.2.0',
413 silly addNameRange     '0.2.1',
413 silly addNameRange     '0.2.2',
413 silly addNameRange     '0.3.0',
413 silly addNameRange     '0.3.1',
413 silly addNameRange     '0.3.2',
413 silly addNameRange     '0.3.3',
413 silly addNameRange     '0.3.4',
413 silly addNameRange     '0.3.5',
413 silly addNameRange     '0.4.0',
413 silly addNameRange     '0.4.1',
413 silly addNameRange     '0.4.2',
413 silly addNameRange     '0.5.0',
413 silly addNameRange     '0.5.1' ] ]
414 silly addNamed mkdirp@0.3.5
415 verbose addNamed "0.3.5" is a plain semver version for mkdirp
416 silly gunzTarPerm extractEntry test/xmlns-xml-default-prefix-attribute.js
417 silly gunzTarPerm extractEntry test/buffer-overrun.js
418 silly gunzTarPerm extractEntry test/xmlns-xml-default-prefix.js
419 silly gunzTarPerm extractEntry test/attribute-no-space.js
420 silly gunzTarPerm extractEntry test/xmlns-xml-default-redefine.js
421 silly gunzTarPerm extractEntry test/parser-position.js
422 silly cache afterAdd mkdirp@0.3.5
423 verbose afterAdd /Users/deepagk/.npm/mkdirp/0.3.5/package/package.json not in flight; writing
424 verbose afterAdd /Users/deepagk/.npm/mkdirp/0.3.5/package/package.json written
425 silly install resolved [ { name: 'mkdirp',
425 silly install resolved     description: 'Recursively mkdir, like `mkdir -p`',
425 silly install resolved     version: '0.3.5',
425 silly install resolved     author:
425 silly install resolved      { name: 'James Halliday',
425 silly install resolved        email: 'mail@substack.net',
425 silly install resolved        url: 'http://substack.net' },
425 silly install resolved     main: './index',
425 silly install resolved     keywords: [ 'mkdir', 'directory' ],
425 silly install resolved     repository:
425 silly install resolved      { type: 'git',
425 silly install resolved        url: 'git+ssh://git@github.com/substack/node-mkdirp.git' },
425 silly install resolved     scripts: { test: 'tap test/*.js' },
425 silly install resolved     devDependencies: { tap: '~0.4.0' },
425 silly install resolved     license: 'MIT',
425 silly install resolved     _id: 'mkdirp@0.3.5',
425 silly install resolved     dist:
425 silly install resolved      { shasum: 'de3e5f8961c88c787ee1368df849ac4413eca8d7',
425 silly install resolved        tarball: 'http://registry.npmjs.org/mkdirp/-/mkdirp-0.3.5.tgz' },
425 silly install resolved     _from: 'mkdirp@>=0.3.5 <0.4.0',
425 silly install resolved     _npmVersion: '1.2.2',
425 silly install resolved     _npmUser: { name: 'substack', email: 'mail@substack.net' },
425 silly install resolved     maintainers: [ [Object] ],
425 silly install resolved     directories: {},
425 silly install resolved     _shasum: 'de3e5f8961c88c787ee1368df849ac4413eca8d7',
425 silly install resolved     _resolved: 'https://registry.npmjs.org/mkdirp/-/mkdirp-0.3.5.tgz',
425 silly install resolved     bugs: { url: 'https://github.com/substack/node-mkdirp/issues' },
425 silly install resolved     readme: 'ERROR: No README data found!',
425 silly install resolved     homepage: 'https://github.com/substack/node-mkdirp#readme' } ]
426 info install mkdirp@0.3.5 into /Users/deepagk/Desktop/MEAN/Full_Mean/Project/node_modules/stanford-simple-nlp/node_modules/coffee-script
427 info installOne mkdirp@0.3.5
428 verbose installOne of mkdirp to /Users/deepagk/Desktop/MEAN/Full_Mean/Project/node_modules/stanford-simple-nlp/node_modules/coffee-script not in flight; installing
429 verbose lock using /Users/deepagk/.npm/_locks/mkdirp-afb280467a8493bb.lock for /Users/deepagk/Desktop/MEAN/Full_Mean/Project/node_modules/stanford-simple-nlp/node_modules/coffee-script/node_modules/mkdirp
430 silly install write writing mkdirp 0.3.5 to /Users/deepagk/Desktop/MEAN/Full_Mean/Project/node_modules/stanford-simple-nlp/node_modules/coffee-script/node_modules/mkdirp
431 verbose unbuild node_modules/stanford-simple-nlp/node_modules/coffee-script/node_modules/mkdirp
432 silly gentlyRm /Users/deepagk/Desktop/MEAN/Full_Mean/Project/node_modules/stanford-simple-nlp/node_modules/coffee-script/node_modules/mkdirp is being purged from base /Users/deepagk/Desktop/MEAN/Full_Mean/Project
433 verbose gentlyRm don't care about contents; nuking /Users/deepagk/Desktop/MEAN/Full_Mean/Project/node_modules/stanford-simple-nlp/node_modules/coffee-script/node_modules/mkdirp
434 verbose tar unpack /Users/deepagk/.npm/mkdirp/0.3.5/package.tgz
435 verbose tar unpacking to /Users/deepagk/Desktop/MEAN/Full_Mean/Project/node_modules/stanford-simple-nlp/node_modules/coffee-script/node_modules/mkdirp
436 silly gentlyRm /Users/deepagk/Desktop/MEAN/Full_Mean/Project/node_modules/stanford-simple-nlp/node_modules/coffee-script/node_modules/mkdirp is being purged
437 verbose gentlyRm don't care about contents; nuking /Users/deepagk/Desktop/MEAN/Full_Mean/Project/node_modules/stanford-simple-nlp/node_modules/coffee-script/node_modules/mkdirp
438 silly gunzTarPerm modes [ '755', '644' ]
439 silly gunzTarPerm extractEntry package.json
440 silly gunzTarPerm extractEntry .npmignore
441 silly gunzTarPerm extractEntry LICENSE
442 silly gunzTarPerm extractEntry index.js
443 silly gunzTarPerm extractEntry examples/pow.js
444 silly gunzTarPerm extractEntry readme.markdown
445 silly gunzTarPerm extractEntry test/perm.js
446 silly gunzTarPerm extractEntry test/perm_sync.js
447 silly gunzTarPerm extractEntry test/race.js
448 silly gunzTarPerm extractEntry test/rel.js
449 silly gunzTarPerm extractEntry test/return.js
450 silly gunzTarPerm extractEntry test/clobber.js
451 silly gunzTarPerm extractEntry test/root.js
452 silly gunzTarPerm extractEntry test/umask.js
453 silly gunzTarPerm extractEntry test/sync.js
454 silly gunzTarPerm extractEntry test/chmod.js
455 silly gunzTarPerm extractEntry test/umask_sync.js
456 silly gunzTarPerm extractEntry test/return_sync.js
457 verbose write writing to /Users/deepagk/Desktop/MEAN/Full_Mean/Project/node_modules/stanford-simple-nlp/node_modules/java/package.json
458 info preinstall java@0.2.9
459 silly gunzTarPerm extractEntry test/mkdirp.js
460 silly gunzTarPerm extractEntry .travis.yml
461 verbose readDependencies loading dependencies from /Users/deepagk/Desktop/MEAN/Full_Mean/Project/node_modules/stanford-simple-nlp/node_modules/java/package.json
462 verbose readDependencies loading dependencies from /Users/deepagk/Desktop/MEAN/Full_Mean/Project/node_modules/stanford-simple-nlp/node_modules/java/package.json
463 silly install resolved []
464 verbose about to build /Users/deepagk/Desktop/MEAN/Full_Mean/Project/node_modules/stanford-simple-nlp/node_modules/java
465 info build /Users/deepagk/Desktop/MEAN/Full_Mean/Project/node_modules/stanford-simple-nlp/node_modules/java
466 info linkStuff java@0.2.9
467 silly linkStuff java@0.2.9 has /Users/deepagk/Desktop/MEAN/Full_Mean/Project/node_modules/stanford-simple-nlp/node_modules as its parent node_modules
468 verbose linkBins java@0.2.9
469 verbose linkMans java@0.2.9
470 verbose rebuildBundles java@0.2.9
471 info install java@0.2.9
472 verbose unsafe-perm in lifecycle false
473 verbose write writing to /Users/deepagk/Desktop/MEAN/Full_Mean/Project/node_modules/stanford-simple-nlp/node_modules/coffee-script/node_modules/mkdirp/package.json
474 info preinstall mkdirp@0.3.5
475 verbose readDependencies loading dependencies from /Users/deepagk/Desktop/MEAN/Full_Mean/Project/node_modules/stanford-simple-nlp/node_modules/coffee-script/node_modules/mkdirp/package.json
476 verbose readDependencies loading dependencies from /Users/deepagk/Desktop/MEAN/Full_Mean/Project/node_modules/stanford-simple-nlp/node_modules/coffee-script/node_modules/mkdirp/package.json
477 verbose write writing to /Users/deepagk/Desktop/MEAN/Full_Mean/Project/node_modules/stanford-simple-nlp/node_modules/xml2js/node_modules/sax/package.json
478 silly install resolved []
479 verbose about to build /Users/deepagk/Desktop/MEAN/Full_Mean/Project/node_modules/stanford-simple-nlp/node_modules/coffee-script/node_modules/mkdirp
480 info build /Users/deepagk/Desktop/MEAN/Full_Mean/Project/node_modules/stanford-simple-nlp/node_modules/coffee-script/node_modules/mkdirp
481 info preinstall sax@0.5.8
482 info linkStuff mkdirp@0.3.5
483 silly linkStuff mkdirp@0.3.5 has /Users/deepagk/Desktop/MEAN/Full_Mean/Project/node_modules/stanford-simple-nlp/node_modules/coffee-script/node_modules as its parent node_modules
484 verbose readDependencies loading dependencies from /Users/deepagk/Desktop/MEAN/Full_Mean/Project/node_modules/stanford-simple-nlp/node_modules/xml2js/node_modules/sax/package.json
485 verbose readDependencies loading dependencies from /Users/deepagk/Desktop/MEAN/Full_Mean/Project/node_modules/stanford-simple-nlp/node_modules/xml2js/node_modules/sax/package.json
486 verbose linkBins mkdirp@0.3.5
487 verbose linkMans mkdirp@0.3.5
488 verbose rebuildBundles mkdirp@0.3.5
489 info install mkdirp@0.3.5
490 silly install resolved []
491 verbose about to build /Users/deepagk/Desktop/MEAN/Full_Mean/Project/node_modules/stanford-simple-nlp/node_modules/xml2js/node_modules/sax
492 info build /Users/deepagk/Desktop/MEAN/Full_Mean/Project/node_modules/stanford-simple-nlp/node_modules/xml2js/node_modules/sax
493 info postinstall mkdirp@0.3.5
494 verbose unlock done using /Users/deepagk/.npm/_locks/mkdirp-afb280467a8493bb.lock for /Users/deepagk/Desktop/MEAN/Full_Mean/Project/node_modules/stanford-simple-nlp/node_modules/coffee-script/node_modules/mkdirp
495 verbose about to build /Users/deepagk/Desktop/MEAN/Full_Mean/Project/node_modules/stanford-simple-nlp/node_modules/coffee-script
496 info build /Users/deepagk/Desktop/MEAN/Full_Mean/Project/node_modules/stanford-simple-nlp/node_modules/coffee-script
497 info linkStuff sax@0.5.8
498 silly linkStuff sax@0.5.8 has /Users/deepagk/Desktop/MEAN/Full_Mean/Project/node_modules/stanford-simple-nlp/node_modules/xml2js/node_modules as its parent node_modules
499 info linkStuff coffee-script@1.7.1
500 silly linkStuff coffee-script@1.7.1 has /Users/deepagk/Desktop/MEAN/Full_Mean/Project/node_modules/stanford-simple-nlp/node_modules as its parent node_modules
501 verbose linkBins sax@0.5.8
502 verbose linkMans sax@0.5.8
503 verbose rebuildBundles sax@0.5.8
504 info install sax@0.5.8
505 info postinstall sax@0.5.8
506 verbose linkBins coffee-script@1.7.1
507 verbose link bins [ { coffee: './bin/coffee', cake: './bin/cake' },
507 verbose link bins   '/Users/deepagk/Desktop/MEAN/Full_Mean/Project/node_modules/stanford-simple-nlp/node_modules/.bin',
507 verbose link bins   false ]
508 verbose linkMans coffee-script@1.7.1
509 verbose rebuildBundles coffee-script@1.7.1
510 verbose rebuildBundles [ 'mkdirp' ]
511 verbose unlock done using /Users/deepagk/.npm/_locks/sax-4e8a7ee3c7775eec.lock for /Users/deepagk/Desktop/MEAN/Full_Mean/Project/node_modules/stanford-simple-nlp/node_modules/xml2js/node_modules/sax
512 verbose about to build /Users/deepagk/Desktop/MEAN/Full_Mean/Project/node_modules/stanford-simple-nlp/node_modules/xml2js
513 info build /Users/deepagk/Desktop/MEAN/Full_Mean/Project/node_modules/stanford-simple-nlp/node_modules/xml2js
514 silly gentlyRm /Users/deepagk/Desktop/MEAN/Full_Mean/Project/node_modules/stanford-simple-nlp/node_modules/.bin/coffee is being purged
515 verbose gentlyRm don't care about contents; nuking /Users/deepagk/Desktop/MEAN/Full_Mean/Project/node_modules/stanford-simple-nlp/node_modules/.bin/coffee
516 silly gentlyRm /Users/deepagk/Desktop/MEAN/Full_Mean/Project/node_modules/stanford-simple-nlp/node_modules/.bin/cake is being purged
517 verbose gentlyRm don't care about contents; nuking /Users/deepagk/Desktop/MEAN/Full_Mean/Project/node_modules/stanford-simple-nlp/node_modules/.bin/cake
518 info linkStuff xml2js@0.2.8
519 silly linkStuff xml2js@0.2.8 has /Users/deepagk/Desktop/MEAN/Full_Mean/Project/node_modules/stanford-simple-nlp/node_modules as its parent node_modules
520 info install coffee-script@1.7.1
521 info postinstall coffee-script@1.7.1
522 verbose unlock done using /Users/deepagk/.npm/_locks/coffee-script-d63d4c61e03a83ce.lock for /Users/deepagk/Desktop/MEAN/Full_Mean/Project/node_modules/stanford-simple-nlp/node_modules/coffee-script
523 verbose linkBins xml2js@0.2.8
524 verbose linkMans xml2js@0.2.8
525 verbose rebuildBundles xml2js@0.2.8
526 verbose rebuildBundles [ 'sax' ]
527 info install xml2js@0.2.8
528 info postinstall xml2js@0.2.8
529 verbose unlock done using /Users/deepagk/.npm/_locks/xml2js-eb5b845db59098ff.lock for /Users/deepagk/Desktop/MEAN/Full_Mean/Project/node_modules/stanford-simple-nlp/node_modules/xml2js
530 info java@0.2.9 Failed to exec install script
531 verbose unlock done using /Users/deepagk/.npm/_locks/java-40a000d9789d739b.lock for /Users/deepagk/Desktop/MEAN/Full_Mean/Project/node_modules/stanford-simple-nlp/node_modules/java
532 verbose about to build /Users/deepagk/Desktop/MEAN/Full_Mean/Project/node_modules/stanford-simple-nlp
533 verbose unlock done using /Users/deepagk/.npm/_locks/stanford-simple-nlp-7754b9aa86490f05.lock for /Users/deepagk/Desktop/MEAN/Full_Mean/Project/node_modules/stanford-simple-nlp
534 verbose stack Error: java@0.2.9 install: `node-gyp rebuild`
534 verbose stack Exit status 1
534 verbose stack     at EventEmitter.<anonymous> (/usr/local/lib/node_modules/npm/lib/utils/lifecycle.js:214:16)
534 verbose stack     at emitTwo (events.js:87:13)
534 verbose stack     at EventEmitter.emit (events.js:172:7)
534 verbose stack     at ChildProcess.<anonymous> (/usr/local/lib/node_modules/npm/lib/utils/spawn.js:24:14)
534 verbose stack     at emitTwo (events.js:87:13)
534 verbose stack     at ChildProcess.emit (events.js:172:7)
534 verbose stack     at maybeClose (internal/child_process.js:818:16)
534 verbose stack     at Process.ChildProcess._handle.onexit (internal/child_process.js:211:5)
535 verbose pkgid java@0.2.9
536 verbose cwd /Users/deepagk/Desktop/MEAN/Full_Mean/Project
537 error Darwin 14.4.0
538 error argv "/usr/local/bin/node" "/usr/local/bin/npm" "install" "stanford-simple-nlp"
539 error node v4.1.2
540 error npm  v2.14.4
541 error code ELIFECYCLE
542 error java@0.2.9 install: `node-gyp rebuild`
542 error Exit status 1
543 error Failed at the java@0.2.9 install script 'node-gyp rebuild'.
543 error This is most likely a problem with the java package,
543 error not with npm itself.
543 error Tell the author that this fails on your system:
543 error     node-gyp rebuild
543 error You can get their info via:
543 error     npm owner ls java
543 error There is likely additional logging output above.
544 verbose exit [ 1, true ]
545 verbose unbuild node_modules/stanford-simple-nlp/node_modules/java
546 info preuninstall java@0.2.9
547 info uninstall java@0.2.9
548 verbose unbuild rmStuff java@0.2.9 from /Users/deepagk/Desktop/MEAN/Full_Mean/Project/node_modules
549 verbose unbuild rmStuff in /Users/deepagk/Desktop/MEAN/Full_Mean/Project/node_modules/stanford-simple-nlp/node_modules
550 info postuninstall java@0.2.9
551 silly gentlyRm /Users/deepagk/Desktop/MEAN/Full_Mean/Project/node_modules/stanford-simple-nlp/node_modules/java is being purged from base /Users/deepagk/Desktop/MEAN/Full_Mean/Project
552 verbose gentlyRm don't care about contents; nuking /Users/deepagk/Desktop/MEAN/Full_Mean/Project/node_modules/stanford-simple-nlp/node_modules/java
553 silly vacuum-fs purging /Users/deepagk/Desktop/MEAN/Full_Mean/Project/node_modules/stanford-simple-nlp/node_modules/java
554 silly vacuum-fs quitting because other entries in /Users/deepagk/Desktop/MEAN/Full_Mean/Project/node_modules/stanford-simple-nlp/node_modules
555 verbose unbuild node_modules/stanford-simple-nlp
556 info preuninstall stanford-simple-nlp@0.2.2
557 info uninstall stanford-simple-nlp@0.2.2
558 verbose unbuild rmStuff stanford-simple-nlp@0.2.2 from /Users/deepagk/Desktop/MEAN/Full_Mean/Project/node_modules
559 info postuninstall stanford-simple-nlp@0.2.2
560 silly gentlyRm /Users/deepagk/Desktop/MEAN/Full_Mean/Project/node_modules/stanford-simple-nlp is being purged from base /Users/deepagk/Desktop/MEAN/Full_Mean/Project
561 verbose gentlyRm don't care about contents; nuking /Users/deepagk/Desktop/MEAN/Full_Mean/Project/node_modules/stanford-simple-nlp
562 silly vacuum-fs purging /Users/deepagk/Desktop/MEAN/Full_Mean/Project/node_modules/stanford-simple-nlp
563 silly vacuum-fs quitting because other entries in /Users/deepagk/Desktop/MEAN/Full_Mean/Project/node_modules
